# JRE version: OpenJDK Runtime Environment (8.0_242-b01) (build 1.8.0_242-release-1644-b01)
# Java VM: OpenJDK 64-Bit Server VM (25.242-b01 mixed mode windows-amd64 compressed oops)
Heap:
 PSYoungGen      total 115712K, used 16958K [0x000000076b000000, 0x0000000772e80000, 0x00000007c0000000)
  eden space 104960K, 16% used [0x000000076b000000,0x000000076c08fbc0,0x0000000771680000)
  from space 10752K, 0% used [0x0000000772400000,0x0000000772400000,0x0000000772e80000)
  to   space 10752K, 0% used [0x0000000771980000,0x0000000771980000,0x0000000772400000)
 ParOldGen       total 144384K, used 28027K [0x00000006c1000000, 0x00000006c9d00000, 0x000000076b000000)
  object space 144384K, 19% used [0x00000006c1000000,0x00000006c2b5ee90,0x00000006c9d00000)
 Metaspace       used 42573K, capacity 43295K, committed 43904K, reserved 1089536K
  class space    used 5226K, capacity 5381K, committed 5504K, reserved 1048576K
GC Heap History (10 events):
Event: 2.127 GC heap before
{Heap before GC invocations=2 (full 0):
 PSYoungGen      total 76288K, used 31053K [0x000000076b000000, 0x0000000770500000, 0x00000007c0000000)
  eden space 65536K, 30% used [0x000000076b000000,0x000000076c3d4e78,0x000000076f000000)
  from space 10752K, 99% used [0x000000076f000000,0x000000076fa7e6f0,0x000000076fa80000)
  to   space 10752K, 0% used [0x000000076fa80000,0x000000076fa80000,0x0000000770500000)
 ParOldGen       total 175104K, used 4729K [0x00000006c1000000, 0x00000006cbb00000, 0x000000076b000000)
  object space 175104K, 2% used [0x00000006c1000000,0x00000006c149e698,0x00000006cbb00000)
 Metaspace       used 20759K, capacity 21138K, committed 21296K, reserved 1069056K
  class space    used 2462K, capacity 2624K, committed 2688K, reserved 1048576K
Event: 2.170 GC heap after
Heap after GC invocations=2 (full 0):
 PSYoungGen      total 76288K, used 9153K [0x000000076b000000, 0x0000000774500000, 0x00000007c0000000)
  eden space 65536K, 0% used [0x000000076b000000,0x000000076b000000,0x000000076f000000)
  from space 10752K, 85% used [0x000000076fa80000,0x0000000770370418,0x0000000770500000)
  to   space 10752K, 0% used [0x000000076f000000,0x000000076f000000,0x000000076fa80000)
 ParOldGen       total 175104K, used 4801K [0x00000006c1000000, 0x00000006cbb00000, 0x000000076b000000)
  object space 175104K, 2% used [0x00000006c1000000,0x00000006c14b06a8,0x00000006cbb00000)
 Metaspace       used 20759K, capacity 21138K, committed 21296K, reserved 1069056K
  class space    used 2462K, capacity 2624K, committed 2688K, reserved 1048576K
}
Event: 2.170 GC heap before
{Heap before GC invocations=3 (full 1):
 PSYoungGen      total 76288K, used 9153K [0x000000076b000000, 0x0000000774500000, 0x00000007c0000000)
  eden space 65536K, 0% used [0x000000076b000000,0x000000076b000000,0x000000076f000000)
  from space 10752K, 85% used [0x000000076fa80000,0x0000000770370418,0x0000000770500000)
  to   space 10752K, 0% used [0x000000076f000000,0x000000076f000000,0x000000076fa80000)
 ParOldGen       total 175104K, used 4801K [0x00000006c1000000, 0x00000006cbb00000, 0x000000076b000000)
  object space 175104K, 2% used [0x00000006c1000000,0x00000006c14b06a8,0x00000006cbb00000)
 Metaspace       used 20759K, capacity 21138K, committed 21296K, reserved 1069056K
  class space    used 2462K, capacity 2624K, committed 2688K, reserved 1048576K
Event: 2.235 GC heap after
Heap after GC invocations=3 (full 1):
 PSYoungGen      total 76288K, used 0K [0x000000076b000000, 0x0000000774500000, 0x00000007c0000000)
  eden space 65536K, 0% used [0x000000076b000000,0x000000076b000000,0x000000076f000000)
  from space 10752K, 0% used [0x000000076fa80000,0x000000076fa80000,0x0000000770500000)
  to   space 10752K, 0% used [0x000000076f000000,0x000000076f000000,0x000000076fa80000)
 ParOldGen       total 102400K, used 8960K [0x00000006c1000000, 0x00000006c7400000, 0x000000076b000000)
  object space 102400K, 8% used [0x00000006c1000000,0x00000006c18c02e8,0x00000006c7400000)
 Metaspace       used 20759K, capacity 21138K, committed 21296K, reserved 1069056K
  class space    used 2462K, capacity 2624K, committed 2688K, reserved 1048576K
}
Event: 4.247 GC heap before
{Heap before GC invocations=4 (full 1):
 PSYoungGen      total 76288K, used 65536K [0x000000076b000000, 0x0000000774500000, 0x00000007c0000000)
  eden space 65536K, 100% used [0x000000076b000000,0x000000076f000000,0x000000076f000000)
  from space 10752K, 0% used [0x000000076fa80000,0x000000076fa80000,0x0000000770500000)
  to   space 10752K, 0% used [0x000000076f000000,0x000000076f000000,0x000000076fa80000)
 ParOldGen       total 102400K, used 8960K [0x00000006c1000000, 0x00000006c7400000, 0x000000076b000000)
  object space 102400K, 8% used [0x00000006c1000000,0x00000006c18c02e8,0x00000006c7400000)
 Metaspace       used 29345K, capacity 29857K, committed 30080K, reserved 1075200K
  class space    used 3550K, capacity 3701K, committed 3712K, reserved 1048576K
Event: 4.323 GC heap after
Heap after GC invocations=4 (full 1):
 PSYoungGen      total 76288K, used 10751K [0x000000076b000000, 0x0000000772e80000, 0x00000007c0000000)
  eden space 65536K, 0% used [0x000000076b000000,0x000000076b000000,0x000000076f000000)
  from space 10752K, 99% used [0x000000076f000000,0x000000076fa7fe50,0x000000076fa80000)
  to   space 10752K, 0% used [0x0000000772400000,0x0000000772400000,0x0000000772e80000)
 ParOldGen       total 102400K, used 14082K [0x00000006c1000000, 0x00000006c7400000, 0x000000076b000000)
  object space 102400K, 13% used [0x00000006c1000000,0x00000006c1dc0978,0x00000006c7400000)
 Metaspace       used 29345K, capacity 29857K, committed 30080K, reserved 1075200K
  class space    used 3550K, capacity 3701K, committed 3712K, reserved 1048576K
}
Event: 4.991 GC heap before
{Heap before GC invocations=5 (full 1):
 PSYoungGen      total 76288K, used 39810K [0x000000076b000000, 0x0000000772e80000, 0x00000007c0000000)
  eden space 65536K, 44% used [0x000000076b000000,0x000000076cc60a70,0x000000076f000000)
  from space 10752K, 99% used [0x000000076f000000,0x000000076fa7fe50,0x000000076fa80000)
  to   space 10752K, 0% used [0x0000000772400000,0x0000000772400000,0x0000000772e80000)
 ParOldGen       total 102400K, used 14082K [0x00000006c1000000, 0x00000006c7400000, 0x000000076b000000)
  object space 102400K, 13% used [0x00000006c1000000,0x00000006c1dc0978,0x00000006c7400000)
 Metaspace       used 34721K, capacity 35279K, committed 35496K, reserved 1081344K
  class space    used 4439K, capacity 4591K, committed 4608K, reserved 1048576K
Event: 5.002 GC heap after
Heap after GC invocations=5 (full 1):
 PSYoungGen      total 115712K, used 10720K [0x000000076b000000, 0x0000000772e80000, 0x00000007c0000000)
  eden space 104960K, 0% used [0x000000076b000000,0x000000076b000000,0x0000000771680000)
  from space 10752K, 99% used [0x0000000772400000,0x0000000772e783b0,0x0000000772e80000)
  to   space 10752K, 0% used [0x0000000771980000,0x0000000771980000,0x0000000772400000)
 ParOldGen       total 102400K, used 17390K [0x00000006c1000000, 0x00000006c7400000, 0x000000076b000000)
  object space 102400K, 16% used [0x00000006c1000000,0x00000006c20fba70,0x00000006c7400000)
 Metaspace       used 34721K, capacity 35279K, committed 35496K, reserved 1081344K
  class space    used 4439K, capacity 4591K, committed 4608K, reserved 1048576K
}
Event: 5.002 GC heap before
{Heap before GC invocations=6 (full 2):
 PSYoungGen      total 115712K, used 10720K [0x000000076b000000, 0x0000000772e80000, 0x00000007c0000000)
  eden space 104960K, 0% used [0x000000076b000000,0x000000076b000000,0x0000000771680000)
  from space 10752K, 99% used [0x0000000772400000,0x0000000772e783b0,0x0000000772e80000)
  to   space 10752K, 0% used [0x0000000771980000,0x0000000771980000,0x0000000772400000)
 ParOldGen       total 102400K, used 17390K [0x00000006c1000000, 0x00000006c7400000, 0x000000076b000000)
  object space 102400K, 16% used [0x00000006c1000000,0x00000006c20fba70,0x00000006c7400000)
 Metaspace       used 34721K, capacity 35279K, committed 35496K, reserved 1081344K
  class space    used 4439K, capacity 4591K, committed 4608K, reserved 1048576K
Event: 5.055 GC heap after
Heap after GC invocations=6 (full 2):
 PSYoungGen      total 115712K, used 0K [0x000000076b000000, 0x0000000772e80000, 0x00000007c0000000)
  eden space 104960K, 0% used [0x000000076b000000,0x000000076b000000,0x0000000771680000)
  from space 10752K, 0% used [0x0000000772400000,0x0000000772400000,0x0000000772e80000)
  to   space 10752K, 0% used [0x0000000771980000,0x0000000771980000,0x0000000772400000)
 ParOldGen       total 144384K, used 19413K [0x00000006c1000000, 0x00000006c9d00000, 0x000000076b000000)
  object space 144384K, 13% used [0x00000006c1000000,0x00000006c22f5648,0x00000006c9d00000)
 Metaspace       used 34721K, capacity 35279K, committed 35496K, reserved 1081344K
  class space    used 4439K, capacity 4591K, committed 4608K, reserved 1048576K
}

